{"contracts/task1_solution/SimpleStorageSolution.sol":{"l":{"10":0,"14":0,"15":0,"19":0,"20":0,"24":0},"path":"/home/dev/Documents/code/ethereum-bootcamp/contracts/task1_solution/SimpleStorageSolution.sol","s":{"1":0,"2":0,"3":0,"4":0,"5":0},"b":{"1":[0,0]},"f":{"1":0,"2":0,"3":0,"4":0},"fnMap":{"1":{"name":"constructor","line":9,"loc":{"start":{"line":9,"column":4},"end":{"line":9,"column":22}}},"2":{"name":"onlyOwner","line":13,"loc":{"start":{"line":13,"column":4},"end":{"line":13,"column":22}}},"3":{"name":"setData","line":18,"loc":{"start":{"line":18,"column":4},"end":{"line":18,"column":46}}},"4":{"name":"getData","line":23,"loc":{"start":{"line":23,"column":4},"end":{"line":23,"column":50}}}},"statementMap":{"1":{"start":{"line":10,"column":8},"end":{"line":10,"column":25}},"2":{"start":{"line":14,"column":8},"end":{"line":14,"column":35}},"3":{"start":{"line":19,"column":8},"end":{"line":19,"column":15}},"4":{"start":{"line":20,"column":8},"end":{"line":20,"column":23}},"5":{"start":{"line":24,"column":8},"end":{"line":24,"column":19}}},"branchMap":{"1":{"line":14,"type":"if","locations":[{"start":{"line":14,"column":8},"end":{"line":14,"column":8}},{"start":{"line":14,"column":8},"end":{"line":14,"column":8}}]}}},"contracts/task1/SimpleStorage.sol":{"l":{"9":0,"10":0,"14":0},"path":"/home/dev/Documents/code/ethereum-bootcamp/contracts/task1/SimpleStorage.sol","s":{"1":0,"2":0,"3":0},"b":{},"f":{"1":0,"2":0},"fnMap":{"1":{"name":"setData","line":8,"loc":{"start":{"line":8,"column":4},"end":{"line":8,"column":36}}},"2":{"name":"getData","line":13,"loc":{"start":{"line":13,"column":4},"end":{"line":13,"column":50}}}},"statementMap":{"1":{"start":{"line":9,"column":8},"end":{"line":9,"column":15}},"2":{"start":{"line":10,"column":8},"end":{"line":10,"column":23}},"3":{"start":{"line":14,"column":8},"end":{"line":14,"column":19}}},"branchMap":{}},"contracts/task2_solution/SimpleStorageInheritance.sol":{"l":{"7":0,"11":0,"12":0,"22":0,"23":0,"27":0},"path":"/home/dev/Documents/code/ethereum-bootcamp/contracts/task2_solution/SimpleStorageInheritance.sol","s":{"1":0,"2":0,"3":0,"4":0,"5":0},"b":{"1":[0,0]},"f":{"1":0,"2":0,"3":0,"4":0},"fnMap":{"1":{"name":"constructor","line":6,"loc":{"start":{"line":6,"column":4},"end":{"line":6,"column":22}}},"2":{"name":"onlyOwner","line":10,"loc":{"start":{"line":10,"column":4},"end":{"line":10,"column":22}}},"3":{"name":"setData","line":21,"loc":{"start":{"line":21,"column":4},"end":{"line":21,"column":49}}},"4":{"name":"getData","line":26,"loc":{"start":{"line":26,"column":4},"end":{"line":26,"column":50}}}},"statementMap":{"1":{"start":{"line":7,"column":8},"end":{"line":7,"column":25}},"2":{"start":{"line":11,"column":8},"end":{"line":11,"column":35}},"3":{"start":{"line":22,"column":8},"end":{"line":22,"column":19}},"4":{"start":{"line":23,"column":8},"end":{"line":23,"column":26}},"5":{"start":{"line":27,"column":8},"end":{"line":27,"column":20}}},"branchMap":{"1":{"line":11,"type":"if","locations":[{"start":{"line":11,"column":8},"end":{"line":11,"column":8}},{"start":{"line":11,"column":8},"end":{"line":11,"column":8}}]}}},"contracts/task2/MyContract.sol":{"l":{"5":0,"6":0,"8":0,"16":0,"17":0},"path":"/home/dev/Documents/code/ethereum-bootcamp/contracts/task2/MyContract.sol","s":{"1":0,"2":0,"3":0,"4":0,"5":0},"b":{"1":[0,0]},"f":{"1":0,"2":0},"fnMap":{"1":{"name":"add","line":4,"loc":{"start":{"line":4,"column":4},"end":{"line":4,"column":68}}},"2":{"name":"addAmount","line":15,"loc":{"start":{"line":15,"column":4},"end":{"line":15,"column":58}}}},"statementMap":{"1":{"start":{"line":5,"column":8},"end":{"line":5,"column":25}},"2":{"start":{"line":6,"column":8},"end":{"line":6,"column":53}},"3":{"start":{"line":8,"column":8},"end":{"line":8,"column":16}},"4":{"start":{"line":16,"column":8},"end":{"line":16,"column":43}},"5":{"start":{"line":17,"column":8},"end":{"line":17,"column":19}}},"branchMap":{"1":{"line":6,"type":"if","locations":[{"start":{"line":6,"column":8},"end":{"line":6,"column":8}},{"start":{"line":6,"column":8},"end":{"line":6,"column":8}}]}}},"contracts/task2/SimpleStorage.sol":{"l":{"10":0,"14":0,"15":0,"19":0,"20":0,"24":0},"path":"/home/dev/Documents/code/ethereum-bootcamp/contracts/task2/SimpleStorage.sol","s":{"1":0,"2":0,"3":0,"4":0,"5":0},"b":{"1":[0,0]},"f":{"1":0,"2":0,"3":0,"4":0},"fnMap":{"1":{"name":"constructor","line":9,"loc":{"start":{"line":9,"column":4},"end":{"line":9,"column":22}}},"2":{"name":"onlyOwner","line":13,"loc":{"start":{"line":13,"column":4},"end":{"line":13,"column":22}}},"3":{"name":"setData","line":18,"loc":{"start":{"line":18,"column":4},"end":{"line":18,"column":46}}},"4":{"name":"getData","line":23,"loc":{"start":{"line":23,"column":4},"end":{"line":23,"column":50}}}},"statementMap":{"1":{"start":{"line":10,"column":8},"end":{"line":10,"column":25}},"2":{"start":{"line":14,"column":8},"end":{"line":14,"column":35}},"3":{"start":{"line":19,"column":8},"end":{"line":19,"column":15}},"4":{"start":{"line":20,"column":8},"end":{"line":20,"column":23}},"5":{"start":{"line":24,"column":8},"end":{"line":24,"column":19}}},"branchMap":{"1":{"line":14,"type":"if","locations":[{"start":{"line":14,"column":8},"end":{"line":14,"column":8}},{"start":{"line":14,"column":8},"end":{"line":14,"column":8}}]}}},"contracts/task3_solution/Task3TokenSolution.sol":{"l":{"7":0,"11":0,"12":0,"18":0,"19":0,"21":0,"25":0,"26":0,"28":0,"43":0,"44":0,"45":0,"47":0,"51":0,"52":0,"53":0,"55":0,"56":0,"60":0,"64":0},"path":"/home/dev/Documents/code/ethereum-bootcamp/contracts/task3_solution/Task3TokenSolution.sol","s":{"1":0,"2":0,"3":0,"4":0,"5":0,"6":0,"7":0,"8":0,"9":0,"10":0,"11":0,"12":0,"13":0,"14":0,"15":0,"16":0,"17":0,"18":0,"19":0},"b":{"1":[0,0],"2":[0,0],"3":[0,0],"4":[0,0]},"f":{"1":0,"2":0,"3":0,"4":0,"5":0,"6":0,"7":0,"8":0},"fnMap":{"1":{"name":"constructor","line":6,"loc":{"start":{"line":6,"column":4},"end":{"line":6,"column":22}}},"2":{"name":"onlyOwner","line":10,"loc":{"start":{"line":10,"column":4},"end":{"line":10,"column":22}}},"3":{"name":"add","line":17,"loc":{"start":{"line":17,"column":4},"end":{"line":17,"column":68}}},"4":{"name":"sub","line":24,"loc":{"start":{"line":24,"column":4},"end":{"line":24,"column":68}}},"5":{"name":"mint","line":38,"loc":{"start":{"line":38,"column":4},"end":{"line":42,"column":5}}},"6":{"name":"transfer","line":50,"loc":{"start":{"line":50,"column":4},"end":{"line":50,"column":76}}},"7":{"name":"balanceOf","line":59,"loc":{"start":{"line":59,"column":4},"end":{"line":59,"column":67}}},"8":{"name":"totalSupply","line":63,"loc":{"start":{"line":63,"column":4},"end":{"line":63,"column":54}}}},"statementMap":{"1":{"start":{"line":7,"column":8},"end":{"line":7,"column":25}},"2":{"start":{"line":11,"column":8},"end":{"line":11,"column":35}},"3":{"start":{"line":18,"column":8},"end":{"line":18,"column":25}},"4":{"start":{"line":19,"column":8},"end":{"line":19,"column":53}},"5":{"start":{"line":21,"column":8},"end":{"line":21,"column":16}},"6":{"start":{"line":25,"column":8},"end":{"line":25,"column":56}},"7":{"start":{"line":26,"column":8},"end":{"line":26,"column":25}},"8":{"start":{"line":28,"column":8},"end":{"line":28,"column":16}},"9":{"start":{"line":43,"column":8},"end":{"line":43,"column":63}},"10":{"start":{"line":44,"column":8},"end":{"line":44,"column":47}},"11":{"start":{"line":45,"column":8},"end":{"line":45,"column":54}},"12":{"start":{"line":47,"column":8},"end":{"line":47,"column":19}},"13":{"start":{"line":51,"column":8},"end":{"line":51,"column":75}},"14":{"start":{"line":52,"column":8},"end":{"line":52,"column":65}},"15":{"start":{"line":53,"column":8},"end":{"line":53,"column":63}},"16":{"start":{"line":55,"column":8},"end":{"line":55,"column":52}},"17":{"start":{"line":56,"column":8},"end":{"line":56,"column":19}},"18":{"start":{"line":60,"column":8},"end":{"line":60,"column":33}},"19":{"start":{"line":64,"column":8},"end":{"line":64,"column":27}}},"branchMap":{"1":{"line":11,"type":"if","locations":[{"start":{"line":11,"column":8},"end":{"line":11,"column":8}},{"start":{"line":11,"column":8},"end":{"line":11,"column":8}}]},"2":{"line":19,"type":"if","locations":[{"start":{"line":19,"column":8},"end":{"line":19,"column":8}},{"start":{"line":19,"column":8},"end":{"line":19,"column":8}}]},"3":{"line":25,"type":"if","locations":[{"start":{"line":25,"column":8},"end":{"line":25,"column":8}},{"start":{"line":25,"column":8},"end":{"line":25,"column":8}}]},"4":{"line":51,"type":"if","locations":[{"start":{"line":51,"column":8},"end":{"line":51,"column":8}},{"start":{"line":51,"column":8},"end":{"line":51,"column":8}}]}}},"contracts/task3/MappingDemo.sol":{"l":{"8":0,"9":0,"13":0},"path":"/home/dev/Documents/code/ethereum-bootcamp/contracts/task3/MappingDemo.sol","s":{"1":0,"2":0,"3":0},"b":{},"f":{"1":0,"2":0},"fnMap":{"1":{"name":"addMessage","line":7,"loc":{"start":{"line":7,"column":4},"end":{"line":7,"column":66}}},"2":{"name":"getMessage","line":12,"loc":{"start":{"line":12,"column":4},"end":{"line":12,"column":73}}}},"statementMap":{"1":{"start":{"line":8,"column":8},"end":{"line":8,"column":40}},"2":{"start":{"line":9,"column":8},"end":{"line":9,"column":19}},"3":{"start":{"line":13,"column":8},"end":{"line":13,"column":34}}},"branchMap":{}},"contracts/task3/Task3Token.sol":{"l":{"7":0},"path":"/home/dev/Documents/code/ethereum-bootcamp/contracts/task3/Task3Token.sol","s":{"1":0},"b":{},"f":{"1":0,"2":0,"3":0},"fnMap":{"1":{"name":"constructor","line":6,"loc":{"start":{"line":6,"column":4},"end":{"line":6,"column":22}}},"2":{"name":"transfer","line":10,"loc":{"start":{"line":10,"column":4},"end":{"line":10,"column":61}}},"3":{"name":"balanceOf","line":14,"loc":{"start":{"line":14,"column":4},"end":{"line":14,"column":67}}}},"statementMap":{"1":{"start":{"line":7,"column":8},"end":{"line":7,"column":37}}},"branchMap":{}},"contracts/task4_solution/BootcampTokenSolution.sol":{"l":{"17":0,"21":0,"25":0},"path":"/home/dev/Documents/code/ethereum-bootcamp/contracts/task4_solution/BootcampTokenSolution.sol","s":{"1":0,"2":0,"3":0},"b":{"1":[0,0]},"f":{"1":1,"2":0,"3":0,"4":0},"fnMap":{"1":{"name":"constructor","line":9,"loc":{"start":{"line":9,"column":4},"end":{"line":14,"column":5}}},"2":{"name":"","line":16,"loc":{"start":{"line":16,"column":4},"end":{"line":16,"column":29}}},"3":{"name":"payOut","line":20,"loc":{"start":{"line":20,"column":4},"end":{"line":20,"column":36}}},"4":{"name":"destroy","line":24,"loc":{"start":{"line":24,"column":4},"end":{"line":24,"column":37}}}},"statementMap":{"1":{"start":{"line":17,"column":8},"end":{"line":17,"column":35}},"2":{"start":{"line":21,"column":8},"end":{"line":21,"column":71}},"3":{"start":{"line":25,"column":8},"end":{"line":25,"column":31}}},"branchMap":{"1":{"line":21,"type":"if","locations":[{"start":{"line":21,"column":8},"end":{"line":21,"column":8}},{"start":{"line":21,"column":8},"end":{"line":21,"column":8}}]}}},"contracts/task4_solution/Migrations.sol":{"l":{"8":0,"12":0,"16":0,"20":0,"21":0},"path":"/home/dev/Documents/code/ethereum-bootcamp/contracts/task4_solution/Migrations.sol","s":{"1":0,"2":0,"3":0,"4":0,"5":0},"b":{"1":[0,0]},"f":{"1":0,"2":0,"3":0,"4":0},"fnMap":{"1":{"name":"constructor","line":7,"loc":{"start":{"line":7,"column":4},"end":{"line":7,"column":22}}},"2":{"name":"restricted","line":11,"loc":{"start":{"line":11,"column":4},"end":{"line":11,"column":23}}},"3":{"name":"setCompleted","line":15,"loc":{"start":{"line":15,"column":4},"end":{"line":15,"column":60}}},"4":{"name":"upgrade","line":19,"loc":{"start":{"line":19,"column":4},"end":{"line":19,"column":57}}}},"statementMap":{"1":{"start":{"line":8,"column":8},"end":{"line":8,"column":25}},"2":{"start":{"line":12,"column":8},"end":{"line":12,"column":34}},"3":{"start":{"line":16,"column":8},"end":{"line":16,"column":43}},"4":{"start":{"line":20,"column":8},"end":{"line":20,"column":53}},"5":{"start":{"line":21,"column":8},"end":{"line":21,"column":54}}},"branchMap":{"1":{"line":12,"type":"if","locations":[{"start":{"line":12,"column":8},"end":{"line":12,"column":8}},{"start":{"line":12,"column":8},"end":{"line":12,"column":8}}]}}},"contracts/task4/BootcampToken.sol":{"l":{},"path":"/home/dev/Documents/code/ethereum-bootcamp/contracts/task4/BootcampToken.sol","s":{},"b":{},"f":{"1":0,"2":0,"3":0,"4":0},"fnMap":{"1":{"name":"constructor","line":9,"loc":{"start":{"line":9,"column":4},"end":{"line":14,"column":5}}},"2":{"name":"","line":16,"loc":{"start":{"line":16,"column":4},"end":{"line":16,"column":29}}},"3":{"name":"payOut","line":20,"loc":{"start":{"line":20,"column":4},"end":{"line":20,"column":36}}},"4":{"name":"destroy","line":24,"loc":{"start":{"line":24,"column":4},"end":{"line":24,"column":37}}}},"statementMap":{},"branchMap":{}}}